Flow report for NewPC5
Sun Nov 21 22:28:07 2021
Quartus Prime Version 16.0.0 Build 211 04/27/2016 SJ Lite Edition


---------------------
; Table of Contents ;
---------------------
  1. Legal Notice
  2. Flow Summary
  3. Flow Settings
  4. Flow Non-Default Global Settings
  5. Flow Elapsed Time
  6. Flow OS Summary
  7. Flow Log
  8. Flow Messages
  9. Flow Suppressed Messages



----------------
; Legal Notice ;
----------------
Copyright (C) 1991-2016 Altera Corporation. All rights reserved.
Your use of Altera Corporation's design tools, logic functions 
and other software and tools, and its AMPP partner logic 
functions, and any output files from any of the foregoing 
(including device programming or simulation files), and any 
associated documentation or information are expressly subject 
to the terms and conditions of the Altera Program License 
Subscription Agreement, the Altera Quartus Prime License Agreement,
the Altera MegaCore Function License Agreement, or other 
applicable license agreement, including, without limitation, 
that your use is for the sole purpose of programming logic 
devices manufactured by Altera and sold by Altera or its 
authorized distributors.  Please refer to the applicable 
agreement for further details.



+----------------------------------------------------------------------------------+
; Flow Summary                                                                     ;
+------------------------------------+---------------------------------------------+
; Flow Status                        ; Successful - Sun Nov 21 22:28:07 2021       ;
; Quartus Prime Version              ; 16.0.0 Build 211 04/27/2016 SJ Lite Edition ;
; Revision Name                      ; NewPC5                                      ;
; Top-level Entity Name              ; skeleton                                    ;
; Family                             ; Cyclone IV E                                ;
; Device                             ; EP4CE115F29C7                               ;
; Timing Models                      ; Final                                       ;
; Total logic elements               ; 2,408 / 114,480 ( 2 % )                     ;
;     Total combinational functions  ; 2,241 / 114,480 ( 2 % )                     ;
;     Dedicated logic registers      ; 1,029 / 114,480 ( < 1 % )                   ;
; Total registers                    ; 1029                                        ;
; Total pins                         ; 55 / 529 ( 10 % )                           ;
; Total virtual pins                 ; 0                                           ;
; Total memory bits                  ; 262,144 / 3,981,312 ( 7 % )                 ;
; Embedded Multiplier 9-bit elements ; 0 / 532 ( 0 % )                             ;
; Total PLLs                         ; 0 / 4 ( 0 % )                               ;
+------------------------------------+---------------------------------------------+


+-----------------------------------------+
; Flow Settings                           ;
+-------------------+---------------------+
; Option            ; Setting             ;
+-------------------+---------------------+
; Start date & time ; 11/21/2021 22:08:27 ;
; Main task         ; Compilation         ;
; Revision Name     ; NewPC5              ;
+-------------------+---------------------+


+-----------------------------------------------------------------------------------------------------------------------------+
; Flow Non-Default Global Settings                                                                                            ;
+--------------------------------------+---------------------------------------+---------------+-------------+----------------+
; Assignment Name                      ; Value                                 ; Default Value ; Entity Name ; Section Id     ;
+--------------------------------------+---------------------------------------+---------------+-------------+----------------+
; COMPILER_SIGNATURE_ID                ; 207432537035292.163755050755492       ; --            ; --          ; --             ;
; EDA_DESIGN_INSTANCE_NAME             ; NA                                    ; --            ; --          ; basic_tb       ;
; EDA_NATIVELINK_SIMULATION_TEST_BENCH ; basic_tb                              ; --            ; --          ; eda_simulation ;
; EDA_OUTPUT_DATA_FORMAT               ; Verilog Hdl                           ; --            ; --          ; eda_simulation ;
; EDA_SIMULATION_TOOL                  ; ModelSim-Altera (Verilog)             ; <None>        ; --          ; --             ;
; EDA_TEST_BENCH_ENABLE_STATUS         ; TEST_BENCH_MODE                       ; --            ; --          ; eda_simulation ;
; EDA_TEST_BENCH_FILE                  ; basic_tb.v                            ; --            ; --          ; basic_tb       ;
; EDA_TEST_BENCH_MODULE_NAME           ; basic_tb                              ; --            ; --          ; basic_tb       ;
; EDA_TEST_BENCH_NAME                  ; basic_tb                              ; --            ; --          ; eda_simulation ;
; EDA_TIME_SCALE                       ; 1 ps                                  ; --            ; --          ; eda_simulation ;
; MAX_CORE_JUNCTION_TEMP               ; 85                                    ; --            ; --          ; --             ;
; MIN_CORE_JUNCTION_TEMP               ; 0                                     ; --            ; --          ; --             ;
; MISC_FILE                            ; dmem_bb.v                             ; --            ; --          ; --             ;
; MISC_FILE                            ; imem_bb.v                             ; --            ; --          ; --             ;
; NOMINAL_CORE_SUPPLY_VOLTAGE          ; 1.2V                                  ; --            ; --          ; --             ;
; PARTITION_COLOR                      ; 16764057                              ; --            ; skeleton    ; Top            ;
; PARTITION_FITTER_PRESERVATION_LEVEL  ; PLACEMENT_AND_ROUTING                 ; --            ; skeleton    ; Top            ;
; PARTITION_NETLIST_TYPE               ; SOURCE                                ; --            ; skeleton    ; Top            ;
; POWER_BOARD_THERMAL_MODEL            ; None (CONSERVATIVE)                   ; --            ; --          ; --             ;
; POWER_PRESET_COOLING_SOLUTION        ; 23 MM HEAT SINK WITH 200 LFPM AIRFLOW ; --            ; --          ; --             ;
; PROJECT_OUTPUT_DIRECTORY             ; output_files                          ; --            ; --          ; --             ;
; TOP_LEVEL_ENTITY                     ; skeleton                              ; NewPC5        ; --          ; --             ;
+--------------------------------------+---------------------------------------+---------------+-------------+----------------+


+-------------------------------------------------------------------------------------------------------------------------------+
; Flow Elapsed Time                                                                                                             ;
+---------------------------+--------------+-------------------------+---------------------+------------------------------------+
; Module Name               ; Elapsed Time ; Average Processors Used ; Peak Virtual Memory ; Total CPU Time (on all processors) ;
+---------------------------+--------------+-------------------------+---------------------+------------------------------------+
; Analysis & Synthesis      ; 00:00:25     ; 1.0                     ; 4963 MB             ; 00:00:46                           ;
; Fitter                    ; 00:10:00     ; 1.0                     ; 5575 MB             ; 00:09:58                           ;
; Assembler                 ; 00:00:04     ; 1.0                     ; 4891 MB             ; 00:00:03                           ;
; TimeQuest Timing Analyzer ; 00:00:10     ; 1.0                     ; 5065 MB             ; 00:00:10                           ;
; EDA Netlist Writer        ; 00:00:04     ; 1.0                     ; 4886 MB             ; 00:00:03                           ;
; EDA Netlist Writer        ; 00:00:00     ; 1.0                     ; 4844 MB             ; 00:00:01                           ;
; EDA Netlist Writer        ; 00:00:04     ; 1.0                     ; 4884 MB             ; 00:00:03                           ;
; EDA Netlist Writer        ; 00:00:01     ; 1.0                     ; 4844 MB             ; 00:00:01                           ;
; EDA Netlist Writer        ; 00:00:03     ; 1.0                     ; 4884 MB             ; 00:00:03                           ;
; EDA Netlist Writer        ; 00:00:01     ; 1.0                     ; 4844 MB             ; 00:00:01                           ;
; EDA Netlist Writer        ; 00:00:03     ; 1.0                     ; 4886 MB             ; 00:00:03                           ;
; EDA Netlist Writer        ; 00:00:01     ; 1.0                     ; 4844 MB             ; 00:00:01                           ;
; EDA Netlist Writer        ; 00:00:01     ; 1.0                     ; 4844 MB             ; 00:00:01                           ;
; EDA Netlist Writer        ; 00:00:03     ; 1.0                     ; 4884 MB             ; 00:00:03                           ;
; EDA Netlist Writer        ; 00:00:01     ; 1.0                     ; 4844 MB             ; 00:00:01                           ;
; EDA Netlist Writer        ; 00:00:03     ; 1.0                     ; 4885 MB             ; 00:00:03                           ;
; EDA Netlist Writer        ; 00:00:01     ; 1.0                     ; 4844 MB             ; 00:00:01                           ;
; EDA Netlist Writer        ; 00:00:04     ; 1.0                     ; 4886 MB             ; 00:00:04                           ;
; Total                     ; 00:11:09     ; --                      ; --                  ; 00:11:26                           ;
+---------------------------+--------------+-------------------------+---------------------+------------------------------------+


+----------------------------------------------------------------------------------------+
; Flow OS Summary                                                                        ;
+---------------------------+------------------+-----------+------------+----------------+
; Module Name               ; Machine Hostname ; OS Name   ; OS Version ; Processor type ;
+---------------------------+------------------+-----------+------------+----------------+
; Analysis & Synthesis      ; Hsnayrus-Asus    ; Windows 8 ; 6.2        ; x86_64         ;
; Fitter                    ; Hsnayrus-Asus    ; Windows 8 ; 6.2        ; x86_64         ;
; Assembler                 ; Hsnayrus-Asus    ; Windows 8 ; 6.2        ; x86_64         ;
; TimeQuest Timing Analyzer ; Hsnayrus-Asus    ; Windows 8 ; 6.2        ; x86_64         ;
; EDA Netlist Writer        ; Hsnayrus-Asus    ; Windows 8 ; 6.2        ; x86_64         ;
; EDA Netlist Writer        ; Hsnayrus-Asus    ; Windows 8 ; 6.2        ; x86_64         ;
; EDA Netlist Writer        ; Hsnayrus-Asus    ; Windows 8 ; 6.2        ; x86_64         ;
; EDA Netlist Writer        ; Hsnayrus-Asus    ; Windows 8 ; 6.2        ; x86_64         ;
; EDA Netlist Writer        ; Hsnayrus-Asus    ; Windows 8 ; 6.2        ; x86_64         ;
; EDA Netlist Writer        ; Hsnayrus-Asus    ; Windows 8 ; 6.2        ; x86_64         ;
; EDA Netlist Writer        ; Hsnayrus-Asus    ; Windows 8 ; 6.2        ; x86_64         ;
; EDA Netlist Writer        ; Hsnayrus-Asus    ; Windows 8 ; 6.2        ; x86_64         ;
; EDA Netlist Writer        ; Hsnayrus-Asus    ; Windows 8 ; 6.2        ; x86_64         ;
; EDA Netlist Writer        ; Hsnayrus-Asus    ; Windows 8 ; 6.2        ; x86_64         ;
; EDA Netlist Writer        ; Hsnayrus-Asus    ; Windows 8 ; 6.2        ; x86_64         ;
; EDA Netlist Writer        ; Hsnayrus-Asus    ; Windows 8 ; 6.2        ; x86_64         ;
; EDA Netlist Writer        ; Hsnayrus-Asus    ; Windows 8 ; 6.2        ; x86_64         ;
; EDA Netlist Writer        ; Hsnayrus-Asus    ; Windows 8 ; 6.2        ; x86_64         ;
+---------------------------+------------------+-----------+------------+----------------+


------------
; Flow Log ;
------------
quartus_map --read_settings_files=on --write_settings_files=off NewPC5 -c NewPC5
quartus_fit --read_settings_files=off --write_settings_files=off NewPC5 -c NewPC5
quartus_asm --read_settings_files=off --write_settings_files=off NewPC5 -c NewPC5
quartus_sta NewPC5 -c NewPC5
quartus_eda --read_settings_files=off --write_settings_files=off NewPC5 -c NewPC5
quartus_eda --gen_testbench --tool=modelsim_oem --format=verilog --write_settings_files=off NewPC5 -c NewPC5 --vector_source="C:/Users/Suryansh Jain/Desktop/Duke ECE/Semester 1/ECE 550D/Project Checkpoints/NewPC5/Waveform.vwf" --testbench_file="C:/Users/Suryansh Jain/Desktop/Duke ECE/Semester 1/ECE 550D/Project Checkpoints/NewPC5/simulation/qsim/Waveform.vwf.vt"
quartus_eda --write_settings_files=off --functional=off --flatten_buses=off --timescale=1ps --simulation=on --tool=modelsim_oem --format=verilog --output_directory="C:/Users/Suryansh Jain/Desktop/Duke ECE/Semester 1/ECE 550D/Project Checkpoints/NewPC5/simulation/qsim/" NewPC5 -c NewPC5
quartus_eda --gen_testbench --tool=modelsim_oem --format=verilog --write_settings_files=off NewPC5 -c NewPC5 --vector_source="C:/Users/Suryansh Jain/Desktop/Duke ECE/Semester 1/ECE 550D/Project Checkpoints/NewPC5/Waveform.vwf" --testbench_file="C:/Users/Suryansh Jain/Desktop/Duke ECE/Semester 1/ECE 550D/Project Checkpoints/NewPC5/simulation/qsim/Waveform.vwf.vt"
quartus_eda --write_settings_files=off --functional=off --flatten_buses=off --timescale=1ps --simulation=on --tool=modelsim_oem --format=verilog --output_directory="C:/Users/Suryansh Jain/Desktop/Duke ECE/Semester 1/ECE 550D/Project Checkpoints/NewPC5/simulation/qsim/" NewPC5 -c NewPC5
quartus_eda --gen_testbench --tool=modelsim_oem --format=verilog --write_settings_files=off NewPC5 -c NewPC5 --vector_source="C:/Users/Suryansh Jain/Desktop/Duke ECE/Semester 1/ECE 550D/Project Checkpoints/NewPC5/Waveform.vwf" --testbench_file="C:/Users/Suryansh Jain/Desktop/Duke ECE/Semester 1/ECE 550D/Project Checkpoints/NewPC5/simulation/qsim/Waveform.vwf.vt"
quartus_eda --write_settings_files=off --functional=off --flatten_buses=off --timescale=1ps --simulation=on --tool=modelsim_oem --format=verilog --output_directory="C:/Users/Suryansh Jain/Desktop/Duke ECE/Semester 1/ECE 550D/Project Checkpoints/NewPC5/simulation/qsim/" NewPC5 -c NewPC5
quartus_eda --gen_testbench --tool=modelsim_oem --format=verilog --write_settings_files=off NewPC5 -c NewPC5 --vector_source="C:/Users/Suryansh Jain/Desktop/Duke ECE/Semester 1/ECE 550D/Project Checkpoints/NewPC5/Waveform.vwf" --testbench_file="C:/Users/Suryansh Jain/Desktop/Duke ECE/Semester 1/ECE 550D/Project Checkpoints/NewPC5/simulation/qsim/Waveform.vwf.vt"
quartus_eda --gen_testbench --tool=modelsim_oem --format=verilog --write_settings_files=off NewPC5 -c NewPC5 --vector_source="C:/Users/Suryansh Jain/Desktop/Duke ECE/Semester 1/ECE 550D/Project Checkpoints/NewPC5/Waveform.vwf" --testbench_file="C:/Users/Suryansh Jain/Desktop/Duke ECE/Semester 1/ECE 550D/Project Checkpoints/NewPC5/simulation/qsim/Waveform.vwf.vt"
quartus_eda --write_settings_files=off --functional=off --flatten_buses=off --timescale=1ps --simulation=on --tool=modelsim_oem --format=verilog --output_directory="C:/Users/Suryansh Jain/Desktop/Duke ECE/Semester 1/ECE 550D/Project Checkpoints/NewPC5/simulation/qsim/" NewPC5 -c NewPC5
quartus_eda --gen_testbench --tool=modelsim_oem --format=verilog --write_settings_files=off NewPC5 -c NewPC5 --vector_source="C:/Users/Suryansh Jain/Desktop/Duke ECE/Semester 1/ECE 550D/Project Checkpoints/NewPC5/Waveform.vwf" --testbench_file="C:/Users/Suryansh Jain/Desktop/Duke ECE/Semester 1/ECE 550D/Project Checkpoints/NewPC5/simulation/qsim/Waveform.vwf.vt"
quartus_eda --write_settings_files=off --functional=off --flatten_buses=off --timescale=1ps --simulation=on --tool=modelsim_oem --format=verilog --output_directory="C:/Users/Suryansh Jain/Desktop/Duke ECE/Semester 1/ECE 550D/Project Checkpoints/NewPC5/simulation/qsim/" NewPC5 -c NewPC5
quartus_eda --gen_testbench --tool=modelsim_oem --format=verilog --write_settings_files=off NewPC5 -c NewPC5 --vector_source="C:/Users/Suryansh Jain/Desktop/Duke ECE/Semester 1/ECE 550D/Project Checkpoints/NewPC5/Waveform.vwf" --testbench_file="C:/Users/Suryansh Jain/Desktop/Duke ECE/Semester 1/ECE 550D/Project Checkpoints/NewPC5/simulation/qsim/Waveform.vwf.vt"
quartus_eda --write_settings_files=off --functional=off --flatten_buses=off --timescale=1ps --simulation=on --tool=modelsim_oem --format=verilog --output_directory="C:/Users/Suryansh Jain/Desktop/Duke ECE/Semester 1/ECE 550D/Project Checkpoints/NewPC5/simulation/qsim/" NewPC5 -c NewPC5



